{"level":"info","message":"Post Service Running on PORT: 3002","service":"Post Service","timestamp":"2025-02-09T07:13:48.469Z"}
{"level":"info","message":"Post Service Running on PORT: 3002","service":"Post Service","timestamp":"2025-02-09T07:14:02.649Z"}
{"level":"info","message":"Post Service Running on PORT: 3002","service":"Post Service","timestamp":"2025-02-09T07:14:26.210Z"}
{"level":"info","message":"Post Service Running on PORT: 3002","service":"Post Service","timestamp":"2025-02-09T07:14:33.789Z"}
{"level":"info","message":"Post Service Running on PORT: 3002","service":"Post Service","timestamp":"2025-02-09T07:14:40.429Z"}
{"level":"info","message":"Connected to MongoDB","service":"Post Service","timestamp":"2025-02-09T07:14:42.282Z"}
{"level":"info","message":"Post Service Running on PORT: 3002","service":"Post Service","timestamp":"2025-02-09T07:30:03.481Z"}
{"level":"info","message":"Connected to MongoDB","service":"Post Service","timestamp":"2025-02-09T07:30:05.875Z"}
{"level":"info","message":"Recieved POST request to /api/posts/create-post","service":"Post Service","timestamp":"2025-02-09T07:44:59.691Z"}
{"level":"info","message":"Request Body [object Object]","service":"Post Service","timestamp":"2025-02-09T07:44:59.691Z"}
{"_message":"Post validation failed","errors":{"content":{"kind":"required","message":"Path `content` is required.","name":"ValidatorError","path":"content","properties":{"message":"Path `content` is required.","path":"content","type":"required"}}},"level":"error","message":"Error creating post Post validation failed: content: Path `content` is required.","service":"Post Service","stack":"ValidationError: Post validation failed: content: Path `content` is required.\n    at model.Document.invalidate (/home/abhiraj/Work/social-media-microservice/post-service/node_modules/mongoose/lib/document.js:3334:32)\n    at /home/abhiraj/Work/social-media-microservice/post-service/node_modules/mongoose/lib/document.js:3095:17\n    at /home/abhiraj/Work/social-media-microservice/post-service/node_modules/mongoose/lib/schemaType.js:1407:9\n    at processTicksAndRejections (node:internal/process/task_queues:77:11)","timestamp":"2025-02-09T07:44:59.704Z"}
{"level":"info","message":"Recieved POST request to /api/posts/create-post","service":"Post Service","timestamp":"2025-02-09T07:45:37.542Z"}
{"level":"info","message":"Request Body [object Object]","service":"Post Service","timestamp":"2025-02-09T07:45:37.543Z"}
{"$__":{"$versionError":null,"activePaths":{"paths":{"content":"require","user":"require"},"states":{"default":{},"modify":{},"require":{"content":true,"user":true}}},"backup":{"activePaths":{"default":{"_id":true},"modify":{"content":true,"createdAt":true,"mediaUrls":true,"updatedAt":true,"user":true}},"validationError":null},"cachedRequired":{},"inserting":true,"op":null,"pathsToScopes":{"mediaUrls":{"__v":0,"_id":"67a85d2137a4e1ec2e20367a","content":"sadnsaldnlsadsadadasd","createdAt":"2025-02-09T07:45:37.548Z","mediaUrls":[],"updatedAt":"2025-02-09T07:45:37.548Z","user":"67a70e9f4392162862cee292"}},"saveOptions":null,"savedState":{},"saving":null,"validating":null},"$isNew":false,"_doc":{"__v":0,"_id":"67a85d2137a4e1ec2e20367a","content":"sadnsaldnlsadsadadasd","createdAt":"2025-02-09T07:45:37.548Z","mediaUrls":[],"updatedAt":"2025-02-09T07:45:37.548Z","user":"67a70e9f4392162862cee292"},"level":"info","message":"Post Created Succesfully","service":"Post Service","timestamp":"2025-02-09T07:45:37.707Z"}
{"level":"info","message":"Post Service Running on PORT: 3002","service":"Post Service","timestamp":"2025-02-09T07:49:27.099Z"}
{"level":"info","message":"Connected to MongoDB","service":"Post Service","timestamp":"2025-02-09T07:49:29.198Z"}
{"level":"info","message":"Recieved POST request to /api/posts/create-post","service":"Post Service","timestamp":"2025-02-09T07:49:33.457Z"}
{"level":"info","message":"Request Body [object Object]","service":"Post Service","timestamp":"2025-02-09T07:49:33.458Z"}
{"0":"\"","1":"c","10":"i","11":"s","12":" ","13":"r","14":"e","15":"q","16":"u","17":"i","18":"r","19":"e","2":"o","20":"d","3":"n","4":"t","5":"e","6":"n","7":"t","8":"\"","9":" ","level":"warn","message":"Validation Error","service":"Post Service","timestamp":"2025-02-09T07:49:33.465Z"}
{"level":"info","message":"Post Service Running on PORT: 3002","service":"Post Service","timestamp":"2025-02-09T07:51:20.384Z"}
{"level":"info","message":"Connected to MongoDB","service":"Post Service","timestamp":"2025-02-09T07:51:22.442Z"}
{"level":"info","message":"Post Service Running on PORT: 3002","service":"Post Service","timestamp":"2025-02-09T08:08:56.504Z"}
{"level":"info","message":"Post Service Running on PORT: 3002","service":"Post Service","timestamp":"2025-02-09T08:09:01.049Z"}
{"level":"info","message":"Post Service Running on PORT: 3002","service":"Post Service","timestamp":"2025-02-09T08:09:19.595Z"}
{"level":"info","message":"Connected to MongoDB","service":"Post Service","timestamp":"2025-02-09T08:09:21.386Z"}
{"level":"info","message":"Post Service Running on PORT: 3002","service":"Post Service","timestamp":"2025-02-09T08:09:44.637Z"}
{"level":"info","message":"Post Service Running on PORT: 3002","service":"Post Service","timestamp":"2025-02-09T08:09:48.887Z"}
{"level":"info","message":"Connected to MongoDB","service":"Post Service","timestamp":"2025-02-09T08:09:50.569Z"}
{"level":"info","message":"Post Service Running on PORT: 3002","service":"Post Service","timestamp":"2025-02-09T08:10:11.792Z"}
{"level":"info","message":"Post Service Running on PORT: 3002","service":"Post Service","timestamp":"2025-02-09T08:10:19.167Z"}
{"level":"info","message":"Post Service Running on PORT: 3002","service":"Post Service","timestamp":"2025-02-09T08:10:32.253Z"}
{"level":"info","message":"Connected to MongoDB","service":"Post Service","timestamp":"2025-02-09T08:10:34.122Z"}
{"level":"info","message":"Post Service Running on PORT: 3002","service":"Post Service","timestamp":"2025-02-09T08:11:25.458Z"}
{"level":"info","message":"Post Service Running on PORT: 3002","service":"Post Service","timestamp":"2025-02-09T08:11:31.173Z"}
{"level":"info","message":"Connected to MongoDB","service":"Post Service","timestamp":"2025-02-09T08:11:32.967Z"}
{"level":"info","message":"Post Service Running on PORT: 3002","service":"Post Service","timestamp":"2025-02-09T08:11:44.268Z"}
{"level":"info","message":"Connected to MongoDB","service":"Post Service","timestamp":"2025-02-09T08:11:45.870Z"}
{"level":"info","message":"Post Service Running on PORT: 3002","service":"Post Service","timestamp":"2025-02-09T08:11:51.789Z"}
{"level":"info","message":"Post Service Running on PORT: 3002","service":"Post Service","timestamp":"2025-02-09T08:12:01.996Z"}
{"level":"info","message":"Post Service Running on PORT: 3002","service":"Post Service","timestamp":"2025-02-09T08:12:07.061Z"}
{"level":"info","message":"Post Service Running on PORT: 3002","service":"Post Service","timestamp":"2025-02-09T08:12:15.287Z"}
{"level":"info","message":"Connected to MongoDB","service":"Post Service","timestamp":"2025-02-09T08:12:17.163Z"}
{"level":"info","message":"Post Service Running on PORT: 3002","service":"Post Service","timestamp":"2025-02-09T08:12:32.578Z"}
{"level":"info","message":"Post Service Running on PORT: 3002","service":"Post Service","timestamp":"2025-02-09T08:12:41.063Z"}
{"level":"info","message":"Connected to MongoDB","service":"Post Service","timestamp":"2025-02-09T08:12:42.801Z"}
{"level":"info","message":"Post Service Running on PORT: 3002","service":"Post Service","timestamp":"2025-02-09T08:13:00.059Z"}
{"level":"info","message":"Post Service Running on PORT: 3002","service":"Post Service","timestamp":"2025-02-09T08:13:12.773Z"}
{"level":"info","message":"Post Service Running on PORT: 3002","service":"Post Service","timestamp":"2025-02-09T08:13:20.259Z"}
{"level":"info","message":"Post Service Running on PORT: 3002","service":"Post Service","timestamp":"2025-02-09T08:13:26.706Z"}
{"level":"info","message":"Post Service Running on PORT: 3002","service":"Post Service","timestamp":"2025-02-09T08:13:31.820Z"}
{"level":"info","message":"Connected to MongoDB","service":"Post Service","timestamp":"2025-02-09T08:13:33.174Z"}
{"level":"info","message":"Post Service Running on PORT: 3002","service":"Post Service","timestamp":"2025-02-09T08:13:45.995Z"}
{"level":"info","message":"Post Service Running on PORT: 3002","service":"Post Service","timestamp":"2025-02-09T08:14:11.308Z"}
{"level":"info","message":"Connected to MongoDB","service":"Post Service","timestamp":"2025-02-09T08:14:13.120Z"}
{"level":"info","message":"Post Service Running on PORT: 3002","service":"Post Service","timestamp":"2025-02-09T08:14:52.437Z"}
{"level":"info","message":"Post Service Running on PORT: 3002","service":"Post Service","timestamp":"2025-02-09T08:14:57.633Z"}
{"level":"info","message":"Connected to MongoDB","service":"Post Service","timestamp":"2025-02-09T08:14:59.403Z"}
{"level":"info","message":"Post Service Running on PORT: 3002","service":"Post Service","timestamp":"2025-02-09T08:15:14.305Z"}
{"level":"info","message":"Connected to MongoDB","service":"Post Service","timestamp":"2025-02-09T08:15:15.991Z"}
{"level":"info","message":"Post Service Running on PORT: 3002","service":"Post Service","timestamp":"2025-02-09T08:15:20.206Z"}
{"level":"info","message":"Connected to MongoDB","service":"Post Service","timestamp":"2025-02-09T08:15:21.729Z"}
{"level":"info","message":"Post Service Running on PORT: 3002","service":"Post Service","timestamp":"2025-02-09T08:15:36.734Z"}
{"level":"info","message":"Connected to MongoDB","service":"Post Service","timestamp":"2025-02-09T08:15:38.203Z"}
{"level":"info","message":"Post Service Running on PORT: 3002","service":"Post Service","timestamp":"2025-02-09T08:15:47.589Z"}
{"level":"info","message":"Connected to MongoDB","service":"Post Service","timestamp":"2025-02-09T08:15:49.171Z"}
{"level":"info","message":"Post Service Running on PORT: 3002","service":"Post Service","timestamp":"2025-02-09T08:15:53.554Z"}
{"level":"info","message":"Connected to MongoDB","service":"Post Service","timestamp":"2025-02-09T08:15:55.521Z"}
{"level":"info","message":"Post Service Running on PORT: 3002","service":"Post Service","timestamp":"2025-02-09T08:16:08.846Z"}
{"level":"info","message":"Connected to MongoDB","service":"Post Service","timestamp":"2025-02-09T08:16:10.675Z"}
{"level":"info","message":"Post Service Running on PORT: 3002","service":"Post Service","timestamp":"2025-02-09T08:16:21.501Z"}
{"level":"info","message":"Connected to MongoDB","service":"Post Service","timestamp":"2025-02-09T08:16:23.242Z"}
{"level":"info","message":"Post Service Running on PORT: 3002","service":"Post Service","timestamp":"2025-02-09T08:16:28.218Z"}
{"level":"info","message":"Post Service Running on PORT: 3002","service":"Post Service","timestamp":"2025-02-09T08:16:33.619Z"}
{"level":"info","message":"Connected to MongoDB","service":"Post Service","timestamp":"2025-02-09T08:16:35.047Z"}
{"level":"info","message":"Post Service Running on PORT: 3002","service":"Post Service","timestamp":"2025-02-09T08:16:42.539Z"}
{"level":"info","message":"Post Service Running on PORT: 3002","service":"Post Service","timestamp":"2025-02-09T08:16:46.944Z"}
{"level":"info","message":"Connected to MongoDB","service":"Post Service","timestamp":"2025-02-09T08:16:48.563Z"}
{"level":"info","message":"Post Service Running on PORT: 3002","service":"Post Service","timestamp":"2025-02-09T08:16:54.608Z"}
{"level":"info","message":"Post Service Running on PORT: 3002","service":"Post Service","timestamp":"2025-02-09T08:17:01.130Z"}
{"level":"info","message":"Connected to MongoDB","service":"Post Service","timestamp":"2025-02-09T08:17:02.695Z"}
{"level":"info","message":"Recieved GET request to /api/posts","service":"Post Service","timestamp":"2025-02-09T08:18:00.491Z"}
{"level":"info","message":"Request Body [object Object]","service":"Post Service","timestamp":"2025-02-09T08:18:00.492Z"}
{"level":"info","message":"Recieved GET request to /api/posts","service":"Post Service","timestamp":"2025-02-09T08:18:12.056Z"}
{"level":"info","message":"Request Body [object Object]","service":"Post Service","timestamp":"2025-02-09T08:18:12.057Z"}
{"level":"info","message":"Recieved GET request to /api/posts","service":"Post Service","timestamp":"2025-02-09T08:18:13.430Z"}
{"level":"info","message":"Request Body [object Object]","service":"Post Service","timestamp":"2025-02-09T08:18:13.431Z"}
{"level":"info","message":"Recieved GET request to /api/posts","service":"Post Service","timestamp":"2025-02-09T08:18:14.540Z"}
{"level":"info","message":"Request Body [object Object]","service":"Post Service","timestamp":"2025-02-09T08:18:14.541Z"}
{"level":"info","message":"Recieved GET request to /api/posts","service":"Post Service","timestamp":"2025-02-09T08:18:15.909Z"}
{"level":"info","message":"Request Body [object Object]","service":"Post Service","timestamp":"2025-02-09T08:18:15.910Z"}
{"level":"info","message":"Recieved GET request to /api/posts","service":"Post Service","timestamp":"2025-02-09T08:18:22.710Z"}
{"level":"info","message":"Request Body [object Object]","service":"Post Service","timestamp":"2025-02-09T08:18:22.711Z"}
{"level":"info","message":"Recieved GET request to /api/posts","service":"Post Service","timestamp":"2025-02-09T08:18:31.958Z"}
{"level":"info","message":"Request Body [object Object]","service":"Post Service","timestamp":"2025-02-09T08:18:31.958Z"}
{"level":"info","message":"Post Service Running on PORT: 3002","service":"Post Service","timestamp":"2025-02-09T08:19:23.749Z"}
{"level":"info","message":"Post Service Running on PORT: 3002","service":"Post Service","timestamp":"2025-02-09T08:19:35.892Z"}
{"level":"info","message":"Connected to MongoDB","service":"Post Service","timestamp":"2025-02-09T08:19:37.730Z"}
{"level":"info","message":"Post Service Running on PORT: 3002","service":"Post Service","timestamp":"2025-02-09T08:19:52.160Z"}
{"level":"info","message":"Connected to MongoDB","service":"Post Service","timestamp":"2025-02-09T08:19:53.704Z"}
{"level":"info","message":"Post Service Running on PORT: 3002","service":"Post Service","timestamp":"2025-02-09T08:20:00.039Z"}
{"level":"info","message":"Connected to MongoDB","service":"Post Service","timestamp":"2025-02-09T08:20:02.101Z"}
{"level":"info","message":"Post Service Running on PORT: 3002","service":"Post Service","timestamp":"2025-02-09T08:20:14.402Z"}
{"level":"info","message":"Post Service Running on PORT: 3002","service":"Post Service","timestamp":"2025-02-09T08:20:18.069Z"}
{"level":"info","message":"Connected to MongoDB","service":"Post Service","timestamp":"2025-02-09T08:20:19.918Z"}
{"level":"info","message":"Post Service Running on PORT: 3002","service":"Post Service","timestamp":"2025-02-09T08:20:42.142Z"}
{"level":"info","message":"Post Service Running on PORT: 3002","service":"Post Service","timestamp":"2025-02-09T08:20:46.894Z"}
{"level":"info","message":"Post Service Running on PORT: 3002","service":"Post Service","timestamp":"2025-02-09T08:20:54.575Z"}
{"level":"info","message":"Post Service Running on PORT: 3002","service":"Post Service","timestamp":"2025-02-09T08:21:01.458Z"}
{"level":"info","message":"Post Service Running on PORT: 3002","service":"Post Service","timestamp":"2025-02-09T08:21:13.201Z"}
{"level":"info","message":"Post Service Running on PORT: 3002","service":"Post Service","timestamp":"2025-02-09T08:21:17.525Z"}
{"level":"info","message":"Post Service Running on PORT: 3002","service":"Post Service","timestamp":"2025-02-09T08:21:28.387Z"}
{"level":"info","message":"Connected to MongoDB","service":"Post Service","timestamp":"2025-02-09T08:21:29.755Z"}
{"level":"info","message":"Post Service Running on PORT: 3002","service":"Post Service","timestamp":"2025-02-09T08:21:37.897Z"}
{"level":"info","message":"Connected to MongoDB","service":"Post Service","timestamp":"2025-02-09T08:21:39.586Z"}
{"level":"info","message":"Post Service Running on PORT: 3002","service":"Post Service","timestamp":"2025-02-09T08:21:47.011Z"}
{"level":"info","message":"Connected to MongoDB","service":"Post Service","timestamp":"2025-02-09T08:21:49.007Z"}
{"level":"info","message":"Post Service Running on PORT: 3002","service":"Post Service","timestamp":"2025-02-09T08:22:29.118Z"}
{"level":"info","message":"Connected to MongoDB","service":"Post Service","timestamp":"2025-02-09T08:22:31.145Z"}
{"level":"info","message":"Post Service Running on PORT: 3002","service":"Post Service","timestamp":"2025-02-09T08:22:51.488Z"}
{"level":"info","message":"Connected to MongoDB","service":"Post Service","timestamp":"2025-02-09T08:22:53.388Z"}
{"level":"info","message":"Recieved POST request to /api/posts/create-post","service":"Post Service","timestamp":"2025-02-09T08:23:31.171Z"}
{"level":"info","message":"Request Body [object Object]","service":"Post Service","timestamp":"2025-02-09T08:23:31.172Z"}
{"level":"info","message":"Create Post Endpoint Hit","service":"Post Service","timestamp":"2025-02-09T08:23:31.174Z"}
{"$__":{"$versionError":null,"activePaths":{"paths":{"content":"require","user":"require"},"states":{"default":{},"modify":{},"require":{"content":true,"user":true}}},"backup":{"activePaths":{"default":{"_id":true},"modify":{"content":true,"createdAt":true,"mediaUrls":true,"updatedAt":true,"user":true}},"validationError":null},"cachedRequired":{},"inserting":true,"op":null,"pathsToScopes":{"mediaUrls":{"__v":0,"_id":"67a86603e282e62c3009f48a","content":"asdsaknbk kjsad sbsabadkjhdbsadksadbk","createdAt":"2025-02-09T08:23:31.186Z","mediaUrls":[],"updatedAt":"2025-02-09T08:23:31.186Z","user":"67a70e9f4392162862cee292"}},"saveOptions":null,"savedState":{},"saving":null,"validating":null},"$isNew":false,"_doc":{"__v":0,"_id":"67a86603e282e62c3009f48a","content":"asdsaknbk kjsad sbsabadkjhdbsadksadbk","createdAt":"2025-02-09T08:23:31.186Z","mediaUrls":[],"updatedAt":"2025-02-09T08:23:31.186Z","user":"67a70e9f4392162862cee292"},"level":"info","message":"Post Created Succesfully","service":"Post Service","timestamp":"2025-02-09T08:23:31.407Z"}
{"level":"info","message":"Redis Cache Invalidated","service":"Post Service","timestamp":"2025-02-09T08:23:31.420Z"}
{"level":"info","message":"Recieved GET request to /api/posts","service":"Post Service","timestamp":"2025-02-09T08:23:55.888Z"}
{"level":"info","message":"Request Body [object Object]","service":"Post Service","timestamp":"2025-02-09T08:23:55.889Z"}
{"level":"info","message":"Recieved GET request to /api/posts","service":"Post Service","timestamp":"2025-02-09T08:24:02.467Z"}
{"level":"info","message":"Request Body [object Object]","service":"Post Service","timestamp":"2025-02-09T08:24:02.468Z"}
{"level":"info","message":"Recieved GET request to /api/posts","service":"Post Service","timestamp":"2025-02-09T08:24:03.599Z"}
{"level":"info","message":"Request Body [object Object]","service":"Post Service","timestamp":"2025-02-09T08:24:03.599Z"}
{"level":"info","message":"Recieved GET request to /api/posts","service":"Post Service","timestamp":"2025-02-09T08:24:04.424Z"}
{"level":"info","message":"Request Body [object Object]","service":"Post Service","timestamp":"2025-02-09T08:24:04.425Z"}
{"level":"info","message":"Recieved GET request to /api/posts","service":"Post Service","timestamp":"2025-02-09T08:35:41.689Z"}
{"level":"info","message":"Request Body [object Object]","service":"Post Service","timestamp":"2025-02-09T08:35:41.690Z"}
{"level":"info","message":"Recieved GET request to /api/posts","service":"Post Service","timestamp":"2025-02-09T08:35:46.296Z"}
{"level":"info","message":"Request Body [object Object]","service":"Post Service","timestamp":"2025-02-09T08:35:46.296Z"}
{"level":"info","message":"Recieved GET request to /api/posts","service":"Post Service","timestamp":"2025-02-09T08:35:47.385Z"}
{"level":"info","message":"Request Body [object Object]","service":"Post Service","timestamp":"2025-02-09T08:35:47.386Z"}
{"level":"info","message":"Post Service Running on PORT: 3002","service":"Post Service","timestamp":"2025-02-09T08:38:13.692Z"}
{"level":"info","message":"Connected to MongoDB","service":"Post Service","timestamp":"2025-02-09T08:38:15.808Z"}
{"level":"info","message":"Post Service Running on PORT: 3002","service":"Post Service","timestamp":"2025-02-09T08:38:26.662Z"}
{"level":"info","message":"Connected to MongoDB","service":"Post Service","timestamp":"2025-02-09T08:38:28.021Z"}
{"level":"info","message":"Post Service Running on PORT: 3002","service":"Post Service","timestamp":"2025-02-09T08:38:42.570Z"}
{"level":"info","message":"Post Service Running on PORT: 3002","service":"Post Service","timestamp":"2025-02-09T08:38:50.804Z"}
{"level":"info","message":"Connected to MongoDB","service":"Post Service","timestamp":"2025-02-09T08:38:52.391Z"}
{"level":"info","message":"Post Service Running on PORT: 3002","service":"Post Service","timestamp":"2025-02-09T08:39:25.736Z"}
{"level":"info","message":"Post Service Running on PORT: 3002","service":"Post Service","timestamp":"2025-02-09T08:39:38.607Z"}
{"level":"info","message":"Post Service Running on PORT: 3002","service":"Post Service","timestamp":"2025-02-09T08:39:43.391Z"}
{"level":"info","message":"Connected to MongoDB","service":"Post Service","timestamp":"2025-02-09T08:39:45.019Z"}
{"level":"info","message":"Post Service Running on PORT: 3002","service":"Post Service","timestamp":"2025-02-09T08:39:57.311Z"}
{"level":"info","message":"Post Service Running on PORT: 3002","service":"Post Service","timestamp":"2025-02-09T08:40:23.850Z"}
{"level":"info","message":"Connected to MongoDB","service":"Post Service","timestamp":"2025-02-09T08:40:25.566Z"}
{"level":"info","message":"Post Service Running on PORT: 3002","service":"Post Service","timestamp":"2025-02-09T08:40:37.221Z"}
{"level":"info","message":"Connected to MongoDB","service":"Post Service","timestamp":"2025-02-09T08:40:39.392Z"}
{"level":"info","message":"Post Service Running on PORT: 3002","service":"Post Service","timestamp":"2025-02-09T08:40:43.936Z"}
{"level":"info","message":"Connected to MongoDB","service":"Post Service","timestamp":"2025-02-09T08:40:45.445Z"}
{"level":"info","message":"Post Service Running on PORT: 3002","service":"Post Service","timestamp":"2025-02-09T08:41:17.031Z"}
{"level":"info","message":"Connected to MongoDB","service":"Post Service","timestamp":"2025-02-09T08:41:18.809Z"}
{"level":"info","message":"Post Service Running on PORT: 3002","service":"Post Service","timestamp":"2025-02-09T08:41:29.193Z"}
{"level":"info","message":"Post Service Running on PORT: 3002","service":"Post Service","timestamp":"2025-02-09T08:41:33.724Z"}
{"level":"info","message":"Connected to MongoDB","service":"Post Service","timestamp":"2025-02-09T08:41:35.602Z"}
{"level":"info","message":"Post Service Running on PORT: 3002","service":"Post Service","timestamp":"2025-02-09T08:41:50.024Z"}
{"level":"info","message":"Connected to MongoDB","service":"Post Service","timestamp":"2025-02-09T08:41:51.849Z"}
{"level":"info","message":"Post Service Running on PORT: 3002","service":"Post Service","timestamp":"2025-02-09T08:42:08.056Z"}
{"level":"info","message":"Connected to MongoDB","service":"Post Service","timestamp":"2025-02-09T08:42:09.596Z"}
{"level":"info","message":"Post Service Running on PORT: 3002","service":"Post Service","timestamp":"2025-02-09T08:42:23.062Z"}
{"level":"info","message":"Connected to MongoDB","service":"Post Service","timestamp":"2025-02-09T08:42:24.875Z"}
{"level":"info","message":"Post Service Running on PORT: 3002","service":"Post Service","timestamp":"2025-02-09T08:45:47.862Z"}
{"level":"info","message":"Connected to MongoDB","service":"Post Service","timestamp":"2025-02-09T08:45:49.947Z"}
{"level":"info","message":"Post Service Running on PORT: 3002","service":"Post Service","timestamp":"2025-02-09T08:46:05.880Z"}
{"level":"info","message":"Connected to MongoDB","service":"Post Service","timestamp":"2025-02-09T08:46:07.302Z"}
{"level":"info","message":"Post Service Running on PORT: 3002","service":"Post Service","timestamp":"2025-02-09T11:09:47.108Z"}
{"level":"info","message":"Connected to MongoDB","service":"Post Service","timestamp":"2025-02-09T11:09:49.690Z"}
{"level":"info","message":"Recieved GET request to /api/posts/single-post/67a86603e282e62c3009f48a","service":"Post Service","timestamp":"2025-02-09T11:10:54.033Z"}
{"level":"info","message":"Request Body [object Object]","service":"Post Service","timestamp":"2025-02-09T11:10:54.034Z"}
{"level":"info","message":"Recieved GET request to /api/posts/single-post/67a86603e282e62c3009f48a","service":"Post Service","timestamp":"2025-02-09T11:10:57.749Z"}
{"level":"info","message":"Request Body [object Object]","service":"Post Service","timestamp":"2025-02-09T11:10:57.749Z"}
{"level":"info","message":"Post Service Running on PORT: 3002","service":"Post Service","timestamp":"2025-02-09T11:11:36.189Z"}
{"level":"info","message":"Post Service Running on PORT: 3002","service":"Post Service","timestamp":"2025-02-09T11:11:39.873Z"}
{"level":"info","message":"Connected to MongoDB","service":"Post Service","timestamp":"2025-02-09T11:11:41.609Z"}
{"level":"info","message":"Post Service Running on PORT: 3002","service":"Post Service","timestamp":"2025-02-09T11:12:01.790Z"}
{"level":"info","message":"Connected to MongoDB","service":"Post Service","timestamp":"2025-02-09T11:12:03.323Z"}
{"level":"info","message":"Post Service Running on PORT: 3002","service":"Post Service","timestamp":"2025-02-09T11:12:22.522Z"}
{"level":"info","message":"Connected to MongoDB","service":"Post Service","timestamp":"2025-02-09T11:12:23.907Z"}
{"level":"info","message":"Post Service Running on PORT: 3002","service":"Post Service","timestamp":"2025-02-09T11:12:59.922Z"}
{"level":"info","message":"Connected to MongoDB","service":"Post Service","timestamp":"2025-02-09T11:13:01.651Z"}
{"level":"info","message":"Post Service Running on PORT: 3002","service":"Post Service","timestamp":"2025-02-09T11:13:44.797Z"}
{"level":"info","message":"Connected to MongoDB","service":"Post Service","timestamp":"2025-02-09T11:13:46.263Z"}
{"level":"info","message":"Post Service Running on PORT: 3002","service":"Post Service","timestamp":"2025-02-09T11:13:50.020Z"}
{"level":"info","message":"Post Service Running on PORT: 3002","service":"Post Service","timestamp":"2025-02-09T11:13:54.379Z"}
{"level":"info","message":"Connected to MongoDB","service":"Post Service","timestamp":"2025-02-09T11:13:56.222Z"}
{"level":"info","message":"Post Service Running on PORT: 3002","service":"Post Service","timestamp":"2025-02-09T11:14:41.506Z"}
{"level":"info","message":"Connected to MongoDB","service":"Post Service","timestamp":"2025-02-09T11:14:43.206Z"}
{"level":"info","message":"Post Service Running on PORT: 3002","service":"Post Service","timestamp":"2025-02-09T11:14:56.167Z"}
{"level":"info","message":"Connected to MongoDB","service":"Post Service","timestamp":"2025-02-09T11:14:57.530Z"}
{"level":"info","message":"Post Service Running on PORT: 3002","service":"Post Service","timestamp":"2025-02-09T11:15:01.402Z"}
{"level":"info","message":"Connected to MongoDB","service":"Post Service","timestamp":"2025-02-09T11:15:03.184Z"}
{"level":"info","message":"Post Service Running on PORT: 3002","service":"Post Service","timestamp":"2025-02-09T11:15:28.019Z"}
{"level":"info","message":"Post Service Running on PORT: 3002","service":"Post Service","timestamp":"2025-02-09T11:15:32.635Z"}
{"level":"info","message":"Connected to MongoDB","service":"Post Service","timestamp":"2025-02-09T11:15:33.450Z"}
{"level":"info","message":"Post Service Running on PORT: 3002","service":"Post Service","timestamp":"2025-02-09T11:15:39.873Z"}
{"level":"info","message":"Connected to MongoDB","service":"Post Service","timestamp":"2025-02-09T11:15:41.480Z"}
{"level":"info","message":"Post Service Running on PORT: 3002","service":"Post Service","timestamp":"2025-02-09T11:15:55.533Z"}
{"level":"info","message":"Post Service Running on PORT: 3002","service":"Post Service","timestamp":"2025-02-09T11:16:01.051Z"}
{"level":"info","message":"Post Service Running on PORT: 3002","service":"Post Service","timestamp":"2025-02-09T11:16:10.013Z"}
{"level":"info","message":"Connected to MongoDB","service":"Post Service","timestamp":"2025-02-09T11:16:11.384Z"}
{"level":"info","message":"Post Service Running on PORT: 3002","service":"Post Service","timestamp":"2025-02-09T11:16:21.969Z"}
{"level":"info","message":"Post Service Running on PORT: 3002","service":"Post Service","timestamp":"2025-02-09T11:16:30.486Z"}
{"level":"info","message":"Connected to MongoDB","service":"Post Service","timestamp":"2025-02-09T11:16:32.276Z"}
{"level":"info","message":"Post Service Running on PORT: 3002","service":"Post Service","timestamp":"2025-02-09T11:16:46.445Z"}
{"level":"info","message":"Connected to MongoDB","service":"Post Service","timestamp":"2025-02-09T11:16:47.731Z"}
{"level":"info","message":"Post Service Running on PORT: 3002","service":"Post Service","timestamp":"2025-02-09T11:17:25.317Z"}
{"level":"info","message":"Connected to MongoDB","service":"Post Service","timestamp":"2025-02-09T11:17:26.992Z"}
{"level":"info","message":"Recieved DELETE request to /api/posts/single-post/67a86603e282e62c3009f48a","service":"Post Service","timestamp":"2025-02-09T11:17:46.227Z"}
{"level":"info","message":"Request Body [object Object]","service":"Post Service","timestamp":"2025-02-09T11:17:46.228Z"}
{"level":"info","message":"Post Delete Endpoint Hit","service":"Post Service","timestamp":"2025-02-09T11:17:46.232Z"}
{"0":"r","1":"e","2":"a","3":"s","4":"o","5":"n","level":"error","message":"Unhandled Rejection at","service":"Post Service","timestamp":"2025-02-09T11:17:46.654Z"}
{"level":"info","message":"Post Service Running on PORT: 3002","service":"Post Service","timestamp":"2025-02-09T11:18:25.450Z"}
{"level":"info","message":"Connected to MongoDB","service":"Post Service","timestamp":"2025-02-09T11:18:27.008Z"}
{"level":"info","message":"Recieved DELETE request to /api/posts/single-post/67a86603e282e62c3009f48a","service":"Post Service","timestamp":"2025-02-09T11:18:32.221Z"}
{"level":"info","message":"Request Body [object Object]","service":"Post Service","timestamp":"2025-02-09T11:18:32.222Z"}
{"level":"info","message":"Post Delete Endpoint Hit","service":"Post Service","timestamp":"2025-02-09T11:18:32.223Z"}
{"0":"r","1":"e","2":"a","3":"s","4":"o","5":"n","level":"error","message":"Unhandled Rejection at","service":"Post Service","timestamp":"2025-02-09T11:18:32.545Z"}
{"level":"info","message":"Post Service Running on PORT: 3002","service":"Post Service","timestamp":"2025-02-09T11:19:05.208Z"}
{"level":"info","message":"Post Service Running on PORT: 3002","service":"Post Service","timestamp":"2025-02-09T11:19:18.439Z"}
{"level":"info","message":"Post Service Running on PORT: 3002","service":"Post Service","timestamp":"2025-02-09T11:19:28.633Z"}
{"level":"info","message":"Connected to MongoDB","service":"Post Service","timestamp":"2025-02-09T11:19:30.513Z"}
{"level":"info","message":"Recieved DELETE request to /api/posts/single-post/67a86603e282e62c3009f48a","service":"Post Service","timestamp":"2025-02-09T11:19:34.398Z"}
{"level":"info","message":"Request Body [object Object]","service":"Post Service","timestamp":"2025-02-09T11:19:34.399Z"}
{"level":"info","message":"Post Delete Endpoint Hit","service":"Post Service","timestamp":"2025-02-09T11:19:34.400Z"}
{"0":"r","1":"e","2":"a","3":"s","4":"o","5":"n","level":"error","message":"Unhandled Rejection at","service":"Post Service","timestamp":"2025-02-09T11:19:34.567Z"}
{"level":"info","message":"Post Service Running on PORT: 3002","service":"Post Service","timestamp":"2025-02-09T11:20:07.156Z"}
{"level":"info","message":"Post Service Running on PORT: 3002","service":"Post Service","timestamp":"2025-02-09T11:20:13.580Z"}
{"level":"info","message":"Connected to MongoDB","service":"Post Service","timestamp":"2025-02-09T11:20:15.372Z"}
{"level":"info","message":"Post Service Running on PORT: 3002","service":"Post Service","timestamp":"2025-02-09T11:20:26.975Z"}
{"level":"info","message":"Connected to MongoDB","service":"Post Service","timestamp":"2025-02-09T11:20:28.477Z"}
{"level":"info","message":"Recieved DELETE request to /api/posts/single-post/67a86603e282e62c3009f48a","service":"Post Service","timestamp":"2025-02-09T11:20:31.421Z"}
{"level":"info","message":"Request Body [object Object]","service":"Post Service","timestamp":"2025-02-09T11:20:31.421Z"}
{"level":"info","message":"Post Delete Endpoint Hit","service":"Post Service","timestamp":"2025-02-09T11:20:31.423Z"}
{"kind":"ObjectId","level":"error","message":"Error Deleting Post Cast to ObjectId failed for value \"{ _id: undefined }\" (type Object) at path \"_id\" for model \"Post\"","path":"_id","reason":{},"service":"Post Service","stack":"CastError: Cast to ObjectId failed for value \"{ _id: undefined }\" (type Object) at path \"_id\" for model \"Post\"\n    at SchemaObjectId.cast (/home/abhiraj/Work/social-media-microservice/post-service/node_modules/mongoose/lib/schema/objectId.js:251:11)\n    at SchemaObjectId.SchemaType.applySetters (/home/abhiraj/Work/social-media-microservice/post-service/node_modules/mongoose/lib/schemaType.js:1255:12)\n    at SchemaObjectId.SchemaType.castForQuery (/home/abhiraj/Work/social-media-microservice/post-service/node_modules/mongoose/lib/schemaType.js:1673:17)\n    at cast (/home/abhiraj/Work/social-media-microservice/post-service/node_modules/mongoose/lib/cast.js:319:34)\n    at model.Query.Query.cast (/home/abhiraj/Work/social-media-microservice/post-service/node_modules/mongoose/lib/query.js:4897:12)\n    at model.Query.Query._castConditions (/home/abhiraj/Work/social-media-microservice/post-service/node_modules/mongoose/lib/query.js:2306:10)\n    at model.Query._findOneAndDelete (/home/abhiraj/Work/social-media-microservice/post-service/node_modules/mongoose/lib/query.js:3537:8)\n    at model.Query.exec (/home/abhiraj/Work/social-media-microservice/post-service/node_modules/mongoose/lib/query.js:4446:80)\n    at processTicksAndRejections (node:internal/process/task_queues:95:5)","stringValue":"\"{ _id: undefined }\"","timestamp":"2025-02-09T11:20:31.565Z","value":{},"valueType":"Object"}
{"level":"info","message":"Post Service Running on PORT: 3002","service":"Post Service","timestamp":"2025-02-09T11:20:55.108Z"}
{"level":"info","message":"Connected to MongoDB","service":"Post Service","timestamp":"2025-02-09T11:20:56.547Z"}
{"level":"info","message":"Recieved DELETE request to /api/posts/single-post/67a86603e282e62c3009f48a","service":"Post Service","timestamp":"2025-02-09T11:21:02.401Z"}
{"level":"info","message":"Request Body [object Object]","service":"Post Service","timestamp":"2025-02-09T11:21:02.401Z"}
{"level":"info","message":"Post Delete Endpoint Hit","service":"Post Service","timestamp":"2025-02-09T11:21:02.402Z"}
{"kind":"ObjectId","level":"error","message":"Error Deleting Post Cast to ObjectId failed for value \"{ _id: undefined }\" (type Object) at path \"_id\" for model \"Post\"","path":"_id","reason":{},"service":"Post Service","stack":"CastError: Cast to ObjectId failed for value \"{ _id: undefined }\" (type Object) at path \"_id\" for model \"Post\"\n    at SchemaObjectId.cast (/home/abhiraj/Work/social-media-microservice/post-service/node_modules/mongoose/lib/schema/objectId.js:251:11)\n    at SchemaObjectId.SchemaType.applySetters (/home/abhiraj/Work/social-media-microservice/post-service/node_modules/mongoose/lib/schemaType.js:1255:12)\n    at SchemaObjectId.SchemaType.castForQuery (/home/abhiraj/Work/social-media-microservice/post-service/node_modules/mongoose/lib/schemaType.js:1673:17)\n    at cast (/home/abhiraj/Work/social-media-microservice/post-service/node_modules/mongoose/lib/cast.js:319:34)\n    at model.Query.Query.cast (/home/abhiraj/Work/social-media-microservice/post-service/node_modules/mongoose/lib/query.js:4897:12)\n    at model.Query.Query._castConditions (/home/abhiraj/Work/social-media-microservice/post-service/node_modules/mongoose/lib/query.js:2306:10)\n    at model.Query._findOneAndDelete (/home/abhiraj/Work/social-media-microservice/post-service/node_modules/mongoose/lib/query.js:3537:8)\n    at model.Query.exec (/home/abhiraj/Work/social-media-microservice/post-service/node_modules/mongoose/lib/query.js:4446:80)\n    at processTicksAndRejections (node:internal/process/task_queues:95:5)","stringValue":"\"{ _id: undefined }\"","timestamp":"2025-02-09T11:21:02.513Z","value":{},"valueType":"Object"}
{"level":"info","message":"Post Service Running on PORT: 3002","service":"Post Service","timestamp":"2025-02-09T11:21:27.243Z"}
{"level":"info","message":"Post Service Running on PORT: 3002","service":"Post Service","timestamp":"2025-02-09T11:21:34.829Z"}
{"level":"info","message":"Connected to MongoDB","service":"Post Service","timestamp":"2025-02-09T11:21:36.658Z"}
{"level":"info","message":"Recieved DELETE request to /api/posts/single-post/67a86603e282e62c3009f48a","service":"Post Service","timestamp":"2025-02-09T11:21:40.193Z"}
{"level":"info","message":"Request Body [object Object]","service":"Post Service","timestamp":"2025-02-09T11:21:40.194Z"}
{"level":"info","message":"Post Delete Endpoint Hit","service":"Post Service","timestamp":"2025-02-09T11:21:40.195Z"}
{"0":"r","1":"e","2":"a","3":"s","4":"o","5":"n","level":"error","message":"Unhandled Rejection at","service":"Post Service","timestamp":"2025-02-09T11:21:40.554Z"}
{"level":"info","message":"Post Service Running on PORT: 3002","service":"Post Service","timestamp":"2025-02-10T09:42:43.830Z"}
{"level":"info","message":"Connected to MongoDB","service":"Post Service","timestamp":"2025-02-10T09:42:47.367Z"}
