{"level":"info","message":"Identity Service Running on PORT: 3001","service":"Identity Service","timestamp":"2025-02-07T15:48:45.362Z"}
{"0":"r","1":"e","2":"a","3":"s","4":"o","5":"n","level":"error","message":"Unhandled Rejection at","service":"Identity Service","timestamp":"2025-02-07T15:48:45.368Z"}
{"0":"r","1":"e","2":"a","3":"s","4":"o","5":"n","level":"error","message":"Unhandled Rejection at","service":"Identity Service","timestamp":"2025-02-07T15:48:45.369Z"}
{"level":"info","message":"Identity Service Running on PORT: 3001","service":"Identity Service","timestamp":"2025-02-07T15:49:19.674Z"}
{"0":"r","1":"e","2":"a","3":"s","4":"o","5":"n","level":"error","message":"Unhandled Rejection at","service":"Identity Service","timestamp":"2025-02-07T15:49:19.680Z"}
{"0":"r","1":"e","2":"a","3":"s","4":"o","5":"n","level":"error","message":"Unhandled Rejection at","service":"Identity Service","timestamp":"2025-02-07T15:49:19.681Z"}
{"level":"info","message":"Identity Service Running on PORT: 3001","service":"Identity Service","timestamp":"2025-02-07T15:53:58.427Z"}
{"level":"info","message":"Identity Service Running on PORT: 3001","service":"Identity Service","timestamp":"2025-02-07T15:54:32.078Z"}
{"level":"info","message":"Identity Service Running on PORT: 3001","service":"Identity Service","timestamp":"2025-02-07T15:54:41.711Z"}
{"errorLabelSet":{},"level":"error","message":"Could not connect to any servers in your MongoDB Atlas cluster. One common reason is that you're trying to access the database from an IP that isn't whitelisted. Make sure your current IP address is on your Atlas cluster's IP whitelist: https://www.mongodb.com/docs/atlas/security-whitelist/","reason":{"commonWireVersion":0,"compatible":true,"heartbeatFrequencyMS":10000,"localThresholdMS":15,"logicalSessionTimeoutMinutes":null,"maxElectionId":null,"maxSetVersion":null,"servers":{"identityservicedb-shard-00-00.e4mvs.mongodb.net:27017":{"$clusterTime":null,"address":"identityservicedb-shard-00-00.e4mvs.mongodb.net:27017","arbiters":[],"electionId":null,"error":{"beforeHandshake":false,"errorLabelSet":{}},"hosts":[],"iscryptd":false,"lastUpdateTime":33329736,"lastWriteDate":0,"logicalSessionTimeoutMinutes":null,"maxBsonObjectSize":null,"maxMessageSizeBytes":null,"maxWireVersion":0,"maxWriteBatchSize":null,"me":null,"minRoundTripTime":0,"minWireVersion":0,"passives":[],"primary":null,"roundTripTime":-1,"setName":null,"setVersion":null,"tags":{},"topologyVersion":null,"type":"Unknown"},"identityservicedb-shard-00-01.e4mvs.mongodb.net:27017":{"$clusterTime":null,"address":"identityservicedb-shard-00-01.e4mvs.mongodb.net:27017","arbiters":[],"electionId":null,"error":{"beforeHandshake":false,"errorLabelSet":{}},"hosts":[],"iscryptd":false,"lastUpdateTime":33329951,"lastWriteDate":0,"logicalSessionTimeoutMinutes":null,"maxBsonObjectSize":null,"maxMessageSizeBytes":null,"maxWireVersion":0,"maxWriteBatchSize":null,"me":null,"minRoundTripTime":0,"minWireVersion":0,"passives":[],"primary":null,"roundTripTime":-1,"setName":null,"setVersion":null,"tags":{},"topologyVersion":null,"type":"Unknown"},"identityservicedb-shard-00-02.e4mvs.mongodb.net:27017":{"$clusterTime":null,"address":"identityservicedb-shard-00-02.e4mvs.mongodb.net:27017","arbiters":[],"electionId":null,"error":{"beforeHandshake":false,"errorLabelSet":{}},"hosts":[],"iscryptd":false,"lastUpdateTime":33329952,"lastWriteDate":0,"logicalSessionTimeoutMinutes":null,"maxBsonObjectSize":null,"maxMessageSizeBytes":null,"maxWireVersion":0,"maxWriteBatchSize":null,"me":null,"minRoundTripTime":0,"minWireVersion":0,"passives":[],"primary":null,"roundTripTime":-1,"setName":null,"setVersion":null,"tags":{},"topologyVersion":null,"type":"Unknown"}},"setName":"atlas-4hct0p-shard-0","stale":false,"type":"ReplicaSetNoPrimary"},"service":"Identity Service","stack":"MongooseServerSelectionError: Could not connect to any servers in your MongoDB Atlas cluster. One common reason is that you're trying to access the database from an IP that isn't whitelisted. Make sure your current IP address is on your Atlas cluster's IP whitelist: https://www.mongodb.com/docs/atlas/security-whitelist/\n    at _handleConnectionErrors (/home/abhiraj/Work/social-media-microservice/identity-service/node_modules/mongoose/lib/connection.js:1154:11)\n    at NativeConnection.openUri (/home/abhiraj/Work/social-media-microservice/identity-service/node_modules/mongoose/lib/connection.js:1085:11)","timestamp":"2025-02-07T15:55:11.808Z"}
{"level":"info","message":"Identity Service Running on PORT: 3001","service":"Identity Service","timestamp":"2025-02-07T15:56:05.023Z"}
{"level":"info","message":"Connected to MongoDB","service":"Identity Service","timestamp":"2025-02-07T15:56:07.265Z"}
{"level":"info","message":"Recieved GET request to /api/auth/register","service":"Identity Service","timestamp":"2025-02-08T06:44:49.034Z"}
{"level":"info","message":"Request Body [object Object]","service":"Identity Service","timestamp":"2025-02-08T06:44:49.035Z"}
{"level":"info","message":"Identity Service Running on PORT: 3001","service":"Identity Service","timestamp":"2025-02-08T06:46:07.364Z"}
{"level":"info","message":"Connected to MongoDB","service":"Identity Service","timestamp":"2025-02-08T06:46:10.192Z"}
{"level":"info","message":"Recieved GET request to /api//auth/register","service":"Identity Service","timestamp":"2025-02-08T06:46:11.346Z"}
{"level":"info","message":"Request Body [object Object]","service":"Identity Service","timestamp":"2025-02-08T06:46:11.346Z"}
{"level":"info","message":"Recieved POST request to /api//auth/register","service":"Identity Service","timestamp":"2025-02-08T06:47:01.815Z"}
{"level":"info","message":"Request Body [object Object]","service":"Identity Service","timestamp":"2025-02-08T06:47:01.816Z"}
{"level":"info","message":"Recieved POST request to /api/auth/register","service":"Identity Service","timestamp":"2025-02-08T06:47:10.489Z"}
{"level":"info","message":"Request Body [object Object]","service":"Identity Service","timestamp":"2025-02-08T06:47:10.490Z"}
{"level":"info","message":"Registration endpoint hit","service":"Identity Service","timestamp":"2025-02-08T06:47:10.496Z"}
{"buffer":{"data":[103,166,253,238,239,233,119,234,149,202,185,150],"type":"Buffer"},"level":"info","message":"User Created","service":"Identity Service","timestamp":"2025-02-08T06:47:11.086Z"}
{"level":"info","message":"Recieved POST request to /api/auth/register","service":"Identity Service","timestamp":"2025-02-08T06:49:54.333Z"}
{"level":"info","message":"Request Body [object Object]","service":"Identity Service","timestamp":"2025-02-08T06:49:54.333Z"}
{"level":"info","message":"Registration endpoint hit","service":"Identity Service","timestamp":"2025-02-08T06:49:54.335Z"}
{"level":"warn","message":"User Already Present","service":"Identity Service","timestamp":"2025-02-08T06:49:54.551Z"}
{"level":"info","message":"Recieved POST request to /api/auth/register","service":"Identity Service","timestamp":"2025-02-08T06:58:14.979Z"}
{"level":"info","message":"Request Body [object Object]","service":"Identity Service","timestamp":"2025-02-08T06:58:14.979Z"}
{"level":"info","message":"Registration endpoint hit","service":"Identity Service","timestamp":"2025-02-08T06:58:14.981Z"}
{"buffer":{"data":[103,167,0,135,239,233,119,234,149,202,185,156],"type":"Buffer"},"level":"info","message":"User Created","service":"Identity Service","timestamp":"2025-02-08T06:58:15.295Z"}
{"level":"info","message":"Identity Service Running on PORT: 3001","service":"Identity Service","timestamp":"2025-02-08T07:03:14.660Z"}
{"level":"info","message":"Connected to MongoDB","service":"Identity Service","timestamp":"2025-02-08T07:03:16.562Z"}
{"level":"info","message":"Recieved POST request to /api/auth/register","service":"Identity Service","timestamp":"2025-02-08T07:03:25.045Z"}
{"level":"info","message":"Request Body [object Object]","service":"Identity Service","timestamp":"2025-02-08T07:03:25.045Z"}
{"level":"info","message":"Registration endpoint hit","service":"Identity Service","timestamp":"2025-02-08T07:03:25.051Z"}
{"buffer":{"data":[103,167,1,189,67,146,22,40,98,206,226,141],"type":"Buffer"},"level":"info","message":"User Created","service":"Identity Service","timestamp":"2025-02-08T07:03:25.573Z"}
{"level":"info","message":"Recieved POST request to /api/auth/register","service":"Identity Service","timestamp":"2025-02-08T07:58:23.399Z"}
{"level":"info","message":"Request Body [object Object]","service":"Identity Service","timestamp":"2025-02-08T07:58:23.399Z"}
{"level":"info","message":"Registration endpoint hit","service":"Identity Service","timestamp":"2025-02-08T07:58:23.403Z"}
{"buffer":{"data":[103,167,14,159,67,146,22,40,98,206,226,146],"type":"Buffer"},"level":"info","message":"User Created","service":"Identity Service","timestamp":"2025-02-08T07:58:23.741Z"}
{"level":"info","message":"Recieved POST request to /api/auth/register","service":"Identity Service","timestamp":"2025-02-08T08:00:39.770Z"}
{"level":"info","message":"Request Body [object Object]","service":"Identity Service","timestamp":"2025-02-08T08:00:39.770Z"}
{"level":"info","message":"Registration endpoint hit","service":"Identity Service","timestamp":"2025-02-08T08:00:39.772Z"}
{"level":"warn","message":"User Already Present","service":"Identity Service","timestamp":"2025-02-08T08:00:39.940Z"}
{"level":"info","message":"Identity Service Running on PORT: 3001","service":"Identity Service","timestamp":"2025-02-08T08:06:51.931Z"}
{"level":"info","message":"Identity Service Running on PORT: 3001","service":"Identity Service","timestamp":"2025-02-08T08:06:56.711Z"}
{"level":"info","message":"Connected to MongoDB","service":"Identity Service","timestamp":"2025-02-08T08:06:58.740Z"}
{"level":"info","message":"Identity Service Running on PORT: 3001","service":"Identity Service","timestamp":"2025-02-08T08:07:09.072Z"}
{"level":"info","message":"Identity Service Running on PORT: 3001","service":"Identity Service","timestamp":"2025-02-08T08:07:12.840Z"}
{"level":"info","message":"Connected to MongoDB","service":"Identity Service","timestamp":"2025-02-08T08:07:14.248Z"}
{"level":"info","message":"Identity Service Running on PORT: 3001","service":"Identity Service","timestamp":"2025-02-08T08:07:36.946Z"}
{"level":"info","message":"Identity Service Running on PORT: 3001","service":"Identity Service","timestamp":"2025-02-08T08:07:41.451Z"}
{"level":"info","message":"Connected to MongoDB","service":"Identity Service","timestamp":"2025-02-08T08:07:43.474Z"}
{"level":"info","message":"Identity Service Running on PORT: 3001","service":"Identity Service","timestamp":"2025-02-08T08:07:50.812Z"}
{"level":"info","message":"Connected to MongoDB","service":"Identity Service","timestamp":"2025-02-08T08:07:52.240Z"}
{"level":"info","message":"Identity Service Running on PORT: 3001","service":"Identity Service","timestamp":"2025-02-08T08:11:55.189Z"}
{"level":"info","message":"Connected to MongoDB","service":"Identity Service","timestamp":"2025-02-08T08:11:58.046Z"}
{"level":"info","message":"Identity Service Running on PORT: 3001","service":"Identity Service","timestamp":"2025-02-08T08:13:28.922Z"}
{"level":"info","message":"Connected to MongoDB","service":"Identity Service","timestamp":"2025-02-08T08:13:33.017Z"}
{"level":"info","message":"Identity Service Running on PORT: 3001","service":"Identity Service","timestamp":"2025-02-08T08:14:02.151Z"}
{"level":"info","message":"Connected to MongoDB","service":"Identity Service","timestamp":"2025-02-08T08:14:03.592Z"}
{"level":"info","message":"Identity Service Running on PORT: 3001","service":"Identity Service","timestamp":"2025-02-08T08:14:18.017Z"}
{"level":"info","message":"Connected to MongoDB","service":"Identity Service","timestamp":"2025-02-08T08:14:20.181Z"}
{"level":"info","message":"Recieved POST request to /api/auth/login","service":"Identity Service","timestamp":"2025-02-08T08:15:25.279Z"}
{"level":"info","message":"Request Body [object Object]","service":"Identity Service","timestamp":"2025-02-08T08:15:25.280Z"}
{"level":"info","message":"Login endpoint hit","service":"Identity Service","timestamp":"2025-02-08T08:15:25.283Z"}
{"level":"info","message":"Identity Service Running on PORT: 3001","service":"Identity Service","timestamp":"2025-02-08T08:19:46.799Z"}
{"level":"info","message":"Connected to MongoDB","service":"Identity Service","timestamp":"2025-02-08T08:19:48.450Z"}
{"level":"info","message":"Identity Service Running on PORT: 3001","service":"Identity Service","timestamp":"2025-02-08T08:20:13.213Z"}
{"level":"info","message":"Connected to MongoDB","service":"Identity Service","timestamp":"2025-02-08T08:20:15.103Z"}
{"level":"info","message":"Identity Service Running on PORT: 3001","service":"Identity Service","timestamp":"2025-02-08T08:20:30.138Z"}
{"level":"info","message":"Identity Service Running on PORT: 3001","service":"Identity Service","timestamp":"2025-02-08T08:20:34.703Z"}
{"level":"info","message":"Connected to MongoDB","service":"Identity Service","timestamp":"2025-02-08T08:20:36.304Z"}
{"level":"info","message":"Identity Service Running on PORT: 3001","service":"Identity Service","timestamp":"2025-02-08T08:20:47.828Z"}
{"level":"info","message":"Identity Service Running on PORT: 3001","service":"Identity Service","timestamp":"2025-02-08T08:20:53.492Z"}
{"level":"info","message":"Connected to MongoDB","service":"Identity Service","timestamp":"2025-02-08T08:20:55.437Z"}
{"level":"info","message":"Identity Service Running on PORT: 3001","service":"Identity Service","timestamp":"2025-02-08T08:21:55.784Z"}
{"level":"info","message":"Connected to MongoDB","service":"Identity Service","timestamp":"2025-02-08T08:21:57.890Z"}
{"level":"info","message":"Identity Service Running on PORT: 3001","service":"Identity Service","timestamp":"2025-02-08T08:22:03.692Z"}
{"level":"info","message":"Connected to MongoDB","service":"Identity Service","timestamp":"2025-02-08T08:22:05.052Z"}
{"level":"info","message":"Identity Service Running on PORT: 3001","service":"Identity Service","timestamp":"2025-02-08T08:22:13.902Z"}
{"level":"info","message":"Connected to MongoDB","service":"Identity Service","timestamp":"2025-02-08T08:22:15.290Z"}
{"level":"info","message":"Identity Service Running on PORT: 3001","service":"Identity Service","timestamp":"2025-02-08T08:22:20.603Z"}
{"level":"info","message":"Connected to MongoDB","service":"Identity Service","timestamp":"2025-02-08T08:22:22.131Z"}
{"level":"info","message":"Identity Service Running on PORT: 3001","service":"Identity Service","timestamp":"2025-02-08T08:22:27.966Z"}
{"level":"info","message":"Connected to MongoDB","service":"Identity Service","timestamp":"2025-02-08T08:22:29.419Z"}
{"level":"info","message":"Identity Service Running on PORT: 3001","service":"Identity Service","timestamp":"2025-02-08T08:22:47.029Z"}
{"level":"info","message":"Connected to MongoDB","service":"Identity Service","timestamp":"2025-02-08T08:22:48.255Z"}
{"level":"info","message":"Identity Service Running on PORT: 3001","service":"Identity Service","timestamp":"2025-02-08T08:22:54.685Z"}
{"level":"info","message":"Connected to MongoDB","service":"Identity Service","timestamp":"2025-02-08T08:22:56.324Z"}
{"level":"info","message":"Identity Service Running on PORT: 3001","service":"Identity Service","timestamp":"2025-02-08T08:23:48.076Z"}
{"level":"info","message":"Connected to MongoDB","service":"Identity Service","timestamp":"2025-02-08T08:23:49.889Z"}
{"level":"info","message":"Identity Service Running on PORT: 3001","service":"Identity Service","timestamp":"2025-02-08T08:24:01.657Z"}
{"level":"info","message":"Connected to MongoDB","service":"Identity Service","timestamp":"2025-02-08T08:24:02.827Z"}
{"level":"info","message":"Identity Service Running on PORT: 3001","service":"Identity Service","timestamp":"2025-02-08T08:24:06.871Z"}
{"level":"info","message":"Connected to MongoDB","service":"Identity Service","timestamp":"2025-02-08T08:24:08.583Z"}
{"level":"info","message":"Identity Service Running on PORT: 3001","service":"Identity Service","timestamp":"2025-02-08T08:24:18.803Z"}
{"level":"info","message":"Connected to MongoDB","service":"Identity Service","timestamp":"2025-02-08T08:24:20.301Z"}
{"level":"info","message":"Identity Service Running on PORT: 3001","service":"Identity Service","timestamp":"2025-02-08T08:24:32.847Z"}
{"level":"info","message":"Identity Service Running on PORT: 3001","service":"Identity Service","timestamp":"2025-02-08T08:24:42.222Z"}
{"level":"info","message":"Connected to MongoDB","service":"Identity Service","timestamp":"2025-02-08T08:24:43.946Z"}
{"level":"info","message":"Identity Service Running on PORT: 3001","service":"Identity Service","timestamp":"2025-02-08T08:25:10.611Z"}
{"level":"info","message":"Connected to MongoDB","service":"Identity Service","timestamp":"2025-02-08T08:25:13.227Z"}
{"level":"info","message":"Identity Service Running on PORT: 3001","service":"Identity Service","timestamp":"2025-02-08T08:25:26.412Z"}
{"level":"info","message":"Identity Service Running on PORT: 3001","service":"Identity Service","timestamp":"2025-02-08T08:25:32.190Z"}
{"level":"info","message":"Connected to MongoDB","service":"Identity Service","timestamp":"2025-02-08T08:25:33.909Z"}
{"level":"info","message":"Identity Service Running on PORT: 3001","service":"Identity Service","timestamp":"2025-02-08T08:25:40.610Z"}
{"level":"info","message":"Connected to MongoDB","service":"Identity Service","timestamp":"2025-02-08T08:25:42.100Z"}
{"level":"info","message":"Identity Service Running on PORT: 3001","service":"Identity Service","timestamp":"2025-02-08T08:25:48.622Z"}
{"level":"info","message":"Connected to MongoDB","service":"Identity Service","timestamp":"2025-02-08T08:25:50.191Z"}
{"level":"info","message":"Identity Service Running on PORT: 3001","service":"Identity Service","timestamp":"2025-02-08T08:42:02.832Z"}
{"level":"info","message":"Connected to MongoDB","service":"Identity Service","timestamp":"2025-02-08T08:42:05.891Z"}
{"level":"info","message":"Identity Service Running on PORT: 3001","service":"Identity Service","timestamp":"2025-02-08T08:42:25.052Z"}
{"level":"info","message":"Identity Service Running on PORT: 3001","service":"Identity Service","timestamp":"2025-02-08T08:42:33.574Z"}
{"level":"info","message":"Connected to MongoDB","service":"Identity Service","timestamp":"2025-02-08T08:42:35.112Z"}
{"level":"info","message":"Identity Service Running on PORT: 3001","service":"Identity Service","timestamp":"2025-02-08T08:42:49.846Z"}
{"level":"info","message":"Connected to MongoDB","service":"Identity Service","timestamp":"2025-02-08T08:42:50.908Z"}
{"level":"info","message":"Identity Service Running on PORT: 3001","service":"Identity Service","timestamp":"2025-02-08T08:43:00.058Z"}
{"level":"info","message":"Connected to MongoDB","service":"Identity Service","timestamp":"2025-02-08T08:43:01.593Z"}
{"level":"info","message":"Identity Service Running on PORT: 3001","service":"Identity Service","timestamp":"2025-02-08T08:43:35.796Z"}
{"level":"info","message":"Connected to MongoDB","service":"Identity Service","timestamp":"2025-02-08T08:43:37.636Z"}
{"level":"info","message":"Identity Service Running on PORT: 3001","service":"Identity Service","timestamp":"2025-02-08T08:43:58.817Z"}
{"level":"info","message":"Connected to MongoDB","service":"Identity Service","timestamp":"2025-02-08T08:44:00.368Z"}
{"level":"info","message":"Identity Service Running on PORT: 3001","service":"Identity Service","timestamp":"2025-02-08T08:44:06.394Z"}
{"level":"info","message":"Identity Service Running on PORT: 3001","service":"Identity Service","timestamp":"2025-02-08T08:44:23.003Z"}
{"level":"info","message":"Connected to MongoDB","service":"Identity Service","timestamp":"2025-02-08T08:44:25.046Z"}
{"level":"info","message":"Identity Service Running on PORT: 3001","service":"Identity Service","timestamp":"2025-02-08T08:44:29.461Z"}
{"level":"info","message":"Connected to MongoDB","service":"Identity Service","timestamp":"2025-02-08T08:44:31.076Z"}
{"level":"info","message":"Identity Service Running on PORT: 3001","service":"Identity Service","timestamp":"2025-02-08T08:44:38.533Z"}
{"level":"info","message":"Connected to MongoDB","service":"Identity Service","timestamp":"2025-02-08T08:44:40.202Z"}
{"level":"info","message":"Identity Service Running on PORT: 3001","service":"Identity Service","timestamp":"2025-02-08T08:45:03.031Z"}
{"level":"info","message":"Identity Service Running on PORT: 3001","service":"Identity Service","timestamp":"2025-02-08T08:45:14.061Z"}
{"level":"info","message":"Identity Service Running on PORT: 3001","service":"Identity Service","timestamp":"2025-02-08T08:45:18.347Z"}
{"level":"info","message":"Connected to MongoDB","service":"Identity Service","timestamp":"2025-02-08T08:45:20.238Z"}
{"level":"info","message":"Identity Service Running on PORT: 3001","service":"Identity Service","timestamp":"2025-02-08T08:45:27.567Z"}
{"level":"info","message":"Connected to MongoDB","service":"Identity Service","timestamp":"2025-02-08T08:45:29.863Z"}
{"level":"info","message":"Identity Service Running on PORT: 3001","service":"Identity Service","timestamp":"2025-02-08T08:45:36.581Z"}
{"level":"info","message":"Connected to MongoDB","service":"Identity Service","timestamp":"2025-02-08T08:45:38.132Z"}
{"level":"info","message":"Identity Service Running on PORT: 3001","service":"Identity Service","timestamp":"2025-02-08T08:46:01.523Z"}
{"level":"info","message":"Connected to MongoDB","service":"Identity Service","timestamp":"2025-02-08T08:46:03.451Z"}
{"level":"info","message":"Identity Service Running on PORT: 3001","service":"Identity Service","timestamp":"2025-02-08T08:46:22.589Z"}
{"level":"info","message":"Connected to MongoDB","service":"Identity Service","timestamp":"2025-02-08T08:46:24.340Z"}
{"level":"info","message":"Identity Service Running on PORT: 3001","service":"Identity Service","timestamp":"2025-02-08T08:46:35.077Z"}
{"level":"info","message":"Connected to MongoDB","service":"Identity Service","timestamp":"2025-02-08T08:46:36.830Z"}
{"level":"info","message":"Identity Service Running on PORT: 3001","service":"Identity Service","timestamp":"2025-02-08T08:46:53.076Z"}
{"level":"info","message":"Connected to MongoDB","service":"Identity Service","timestamp":"2025-02-08T08:46:54.349Z"}
{"level":"info","message":"Identity Service Running on PORT: 3001","service":"Identity Service","timestamp":"2025-02-08T08:47:03.675Z"}
{"level":"info","message":"Connected to MongoDB","service":"Identity Service","timestamp":"2025-02-08T08:47:05.298Z"}
{"level":"info","message":"Identity Service Running on PORT: 3001","service":"Identity Service","timestamp":"2025-02-08T08:47:45.119Z"}
{"level":"info","message":"Connected to MongoDB","service":"Identity Service","timestamp":"2025-02-08T08:47:47.282Z"}
{"level":"info","message":"Identity Service Running on PORT: 3001","service":"Identity Service","timestamp":"2025-02-08T08:47:52.530Z"}
{"level":"info","message":"Connected to MongoDB","service":"Identity Service","timestamp":"2025-02-08T08:47:54.175Z"}
{"level":"info","message":"Identity Service Running on PORT: 3001","service":"Identity Service","timestamp":"2025-02-08T08:48:04.359Z"}
{"level":"info","message":"Identity Service Running on PORT: 3001","service":"Identity Service","timestamp":"2025-02-08T08:48:10.288Z"}
{"level":"info","message":"Connected to MongoDB","service":"Identity Service","timestamp":"2025-02-08T08:48:11.929Z"}
{"level":"info","message":"Identity Service Running on PORT: 3001","service":"Identity Service","timestamp":"2025-02-08T08:48:28.423Z"}
{"level":"info","message":"Connected to MongoDB","service":"Identity Service","timestamp":"2025-02-08T08:48:30.493Z"}
